[debug] [2024-07-26T12:51:20.517Z] ----------------------------------------------------------------------
[debug] [2024-07-26T12:51:20.520Z] Command:       /opt/homebrew/Cellar/node/22.3.0/bin/node /opt/homebrew/bin/firebase init
[debug] [2024-07-26T12:51:20.520Z] CLI Version:   13.14.1
[debug] [2024-07-26T12:51:20.520Z] Platform:      darwin
[debug] [2024-07-26T12:51:20.520Z] Node Version:  v22.3.0
[debug] [2024-07-26T12:51:20.520Z] Time:          Fri Jul 26 2024 07:51:20 GMT-0500 (Colombia Standard Time)
[debug] [2024-07-26T12:51:20.520Z] ----------------------------------------------------------------------
[debug] 
[debug] [2024-07-26T12:51:20.557Z] > command requires scopes: ["email","openid","https://www.googleapis.com/auth/cloudplatformprojects.readonly","https://www.googleapis.com/auth/firebase","https://www.googleapis.com/auth/cloud-platform"]
[debug] [2024-07-26T12:51:20.557Z] > authorizing via signed-in user (villegas.leonard@gmail.com)
[info] 
     ######## #### ########  ######## ########     ###     ######  ########
     ##        ##  ##     ## ##       ##     ##  ##   ##  ##       ##
     ######    ##  ########  ######   ########  #########  ######  ######
     ##        ##  ##    ##  ##       ##     ## ##     ##       ## ##
     ##       #### ##     ## ######## ########  ##     ##  ######  ########

You're about to initialize a Firebase project in this directory:

  /Users/leo/Documents/repositorios/RetoGrupo4/Angular/estramipyme

Before we get started, keep in mind:

  * You are initializing within an existing Firebase project directory

[info] 
=== Project Setup
[info] 
[info] First, let's associate this project directory with a Firebase project.
[info] You can create multiple project aliases by running firebase use --add, 
[info] but for now we'll just set up a default project.
[info] 
[debug] [2024-07-26T12:51:30.562Z] Using project from CLI flag: estramipime
[debug] [2024-07-26T12:51:30.565Z] >>> [apiv2][query] GET https://firebase.googleapis.com/v1beta1/projects/estramipime [none]
[debug] [2024-07-26T12:51:31.100Z] <<< [apiv2][status] GET https://firebase.googleapis.com/v1beta1/projects/estramipime 200
[debug] [2024-07-26T12:51:31.100Z] <<< [apiv2][body] GET https://firebase.googleapis.com/v1beta1/projects/estramipime {"projectId":"estramipime","projectNumber":"1094347916883","displayName":"estramipime","name":"projects/estramipime","resources":{"hostingSite":"estramipime"},"state":"ACTIVE","etag":"1_16b24867-f242-44ce-a70d-a325952c38b1"}
[info] i  Using project estramipime (estramipime) 
[info] 
=== Hosting Setup
[debug] [2024-07-26T12:51:31.127Z] >>> [apiv2][query] GET https://firebase.googleapis.com/v1beta1/projects/estramipime [none]
[debug] [2024-07-26T12:51:31.326Z] <<< [apiv2][status] GET https://firebase.googleapis.com/v1beta1/projects/estramipime 200
[debug] [2024-07-26T12:51:31.326Z] <<< [apiv2][body] GET https://firebase.googleapis.com/v1beta1/projects/estramipime {"projectId":"estramipime","projectNumber":"1094347916883","displayName":"estramipime","name":"projects/estramipime","resources":{"hostingSite":"estramipime"},"state":"ACTIVE","etag":"1_16b24867-f242-44ce-a70d-a325952c38b1"}
[info] 
[info] Your public directory is the folder (relative to your project directory) that
[info] will contain Hosting assets to be uploaded with firebase deploy. If you
[info] have a build process for your assets, use your build's output directory.
[info] 
